<?xml version="1.0" encoding="UTF-8"?>
<testng-results skipped="0" failed="0" total="1" passed="1">
  <reporter-output>
  </reporter-output>
  <suite name="Default suite" duration-ms="41621" started-at="2018-08-02T14:53:01Z" finished-at="2018-08-02T14:53:43Z">
    <groups>
    </groups>
    <test name="Default test" duration-ms="41621" started-at="2018-08-02T14:53:01Z" finished-at="2018-08-02T14:53:43Z">
      <class name="DriverFactory.AppTest">
        <test-method status="PASS" signature="kickstart()[pri:0, instance:DriverFactory.AppTest@5dfcfece]" name="kickstart" duration-ms="41604" started-at="2018-08-02T20:23:01Z" finished-at="2018-08-02T20:23:43Z">
          <reporter-output>
          </reporter-output>
        </test-method> <!-- kickstart -->
      </class> <!-- DriverFactory.AppTest -->
    </test> <!-- Default test -->
  </suite> <!-- Default suite -->
</testng-results>
